<?xml version="1.0" encoding="UTF-8"?>
<!-- Generated by org.testng.reporters.JUnitReportReporter -->
<testsuite skipped="0" hostname="MININT-AMGFQFP" name="pocFramework.pocFramework.NA_NA_NA_NA_30f9739d108149199f4587c623de191c" tests="1" failures="0" timestamp="24 Feb 2020 11:36:28 GMT" time="57.443" errors="0">
  <testcase name="NewUserReg" time="57.443" classname="pocFramework.pocFramework.NA_NA_NA_NA_30f9739d108149199f4587c623de191c"/>
</testsuite> <!-- pocFramework.pocFramework.NA_NA_NA_NA_30f9739d108149199f4587c623de191c -->
