<?xml version="1.0" encoding="UTF-8"?>
<!-- Generated by org.testng.reporters.JUnitReportReporter -->
<testsuite hostname="Maheshs-MacBook-Pro.local" failures="0" tests="1" name="pocFramework.pocFramework.Test_Cases_1" time="18.827" errors="0" timestamp="23 May 2020 10:09:30 GMT" skipped="0">
  <testcase classname="pocFramework.pocFramework.Test_Cases_1" name="NewUserReg" time="18.827"/>
</testsuite> <!-- pocFramework.pocFramework.Test_Cases_1 -->
