<?xml version="1.0" encoding="UTF-8"?>
<!-- Generated by org.testng.reporters.JUnitReportReporter -->
<testsuite skipped="0" hostname="MININT-AMGFQFP" name="pocFramework.pocFramework.NewUserRegistration" tests="1" failures="0" timestamp="17 Feb 2020 08:31:58 GMT" time="21.645" errors="0">
  <testcase name="newUser" time="21.645" classname="pocFramework.pocFramework.NewUserRegistration"/>
</testsuite> <!-- pocFramework.pocFramework.NewUserRegistration -->
