<?xml version="1.0" encoding="UTF-8"?>
<!-- Generated by org.testng.reporters.JUnitReportReporter -->
<testsuite skipped="0" hostname="Maheshs-MacBook-Pro.local" name="pocFramework.pocFramework.Test_Cases_2" tests="1" failures="0" timestamp="25 May 2020 11:41:47 GMT" time="15.577" errors="0">
  <testcase name="NewUserReg" time="15.577" classname="pocFramework.pocFramework.Test_Cases_2"/>
</testsuite> <!-- pocFramework.pocFramework.Test_Cases_2 -->
