<?xml version="1.0" encoding="UTF-8"?>
<!-- Generated by org.testng.reporters.JUnitReportReporter -->
<testsuite hostname="Maheshs-MacBook-Pro.local" failures="0" tests="1" name="pocFramework.pocFramework.Test_Cases_2" time="16.699" errors="0" timestamp="24 May 2020 21:08:45 GMT" skipped="0">
  <testcase classname="pocFramework.pocFramework.Test_Cases_2" name="NewUserReg" time="16.699"/>
</testsuite> <!-- pocFramework.pocFramework.Test_Cases_2 -->
